2017-01-18 11:14:45 Error: [PDOException] SQLSTATE[HY000] [1045] Accès refusé pour l'utilisateur: 'my_app'@'@localhost' (mot de passe: OUI)
Stack Trace:
#0 F:\libing\codingCat\cake\adminLTE\vendor\cakephp\cakephp\src\Database\Driver\PDODriverTrait.php(48): PDO->__construct('mysql:host=loca...', 'my_app', 'secret', Array)
#1 F:\libing\codingCat\cake\adminLTE\vendor\cakephp\cakephp\src\Database\Driver\Mysql.php(104): Cake\Database\Driver\Mysql->_connect('mysql:host=loca...', Array)
#2 F:\libing\codingCat\cake\adminLTE\vendor\cakephp\cakephp\src\Database\Schema\BaseSchema.php(45): Cake\Database\Driver\Mysql->connect()
#3 F:\libing\codingCat\cake\adminLTE\vendor\cakephp\cakephp\src\Database\Dialect\MysqlDialectTrait.php(63): Cake\Database\Schema\BaseSchema->__construct(Object(Cake\Database\Driver\Mysql))
#4 F:\libing\codingCat\cake\adminLTE\vendor\cakephp\cakephp\src\Database\Schema\Collection.php(52): Cake\Database\Driver\Mysql->schemaDialect()
#5 F:\libing\codingCat\cake\adminLTE\vendor\cakephp\cakephp\src\Database\Schema\CachedCollection.php(42): Cake\Database\Schema\Collection->__construct(Object(Cake\Database\Connection))
#6 F:\libing\codingCat\cake\adminLTE\vendor\cakephp\cakephp\src\Database\Connection.php(322): Cake\Database\Schema\CachedCollection->__construct(Object(Cake\Database\Connection), true)
#7 F:\libing\codingCat\cake\adminLTE\vendor\cakephp\cakephp\src\ORM\Table.php(439): Cake\Database\Connection->schemaCollection()
#8 F:\libing\codingCat\cake\adminLTE\vendor\cakephp\cakephp\src\ORM\Table.php(518): Cake\ORM\Table->schema()
#9 F:\libing\codingCat\cake\adminLTE\vendor\cakephp\bake\src\Shell\Task\TemplateTask.php(291): Cake\ORM\Table->primaryKey()
#10 F:\libing\codingCat\cake\adminLTE\vendor\cakephp\bake\src\Shell\Task\TemplateTask.php(148): Bake\Shell\Task\TemplateTask->_loadController()
#11 [internal function]: Bake\Shell\Task\TemplateTask->main('Index')
#12 F:\libing\codingCat\cake\adminLTE\vendor\cakephp\cakephp\src\Console\Shell.php(472): call_user_func_array(Array, Array)
#13 F:\libing\codingCat\cake\adminLTE\vendor\cakephp\cakephp\src\Console\Shell.php(465): Cake\Console\Shell->runCommand(Array, false, Array)
#14 F:\libing\codingCat\cake\adminLTE\vendor\cakephp\cakephp\src\Console\ShellDispatcher.php(227): Cake\Console\Shell->runCommand(Array, true, Array)
#15 F:\libing\codingCat\cake\adminLTE\vendor\cakephp\cakephp\src\Console\ShellDispatcher.php(182): Cake\Console\ShellDispatcher->_dispatch(Array)
#16 F:\libing\codingCat\cake\adminLTE\vendor\cakephp\cakephp\src\Console\ShellDispatcher.php(128): Cake\Console\ShellDispatcher->dispatch(Array)
#17 F:\libing\codingCat\cake\adminLTE\bin\cake.php(34): Cake\Console\ShellDispatcher::run(Array)
#18 {main}


2017-01-18 11:16:40 Error: [PDOException] SQLSTATE[HY000] [1045] Accès refusé pour l'utilisateur: 'my_app'@'@localhost' (mot de passe: OUI)
Stack Trace:
#0 F:\libing\codingCat\cake\adminLTE\vendor\cakephp\cakephp\src\Database\Driver\PDODriverTrait.php(48): PDO->__construct('mysql:host=loca...', 'my_app', 'secret', Array)
#1 F:\libing\codingCat\cake\adminLTE\vendor\cakephp\cakephp\src\Database\Driver\Mysql.php(104): Cake\Database\Driver\Mysql->_connect('mysql:host=loca...', Array)
#2 F:\libing\codingCat\cake\adminLTE\vendor\cakephp\cakephp\src\Database\Schema\BaseSchema.php(45): Cake\Database\Driver\Mysql->connect()
#3 F:\libing\codingCat\cake\adminLTE\vendor\cakephp\cakephp\src\Database\Dialect\MysqlDialectTrait.php(63): Cake\Database\Schema\BaseSchema->__construct(Object(Cake\Database\Driver\Mysql))
#4 F:\libing\codingCat\cake\adminLTE\vendor\cakephp\cakephp\src\Database\Schema\Collection.php(52): Cake\Database\Driver\Mysql->schemaDialect()
#5 F:\libing\codingCat\cake\adminLTE\vendor\cakephp\cakephp\src\Database\Schema\CachedCollection.php(42): Cake\Database\Schema\Collection->__construct(Object(Cake\Database\Connection))
#6 F:\libing\codingCat\cake\adminLTE\vendor\cakephp\cakephp\src\Database\Connection.php(322): Cake\Database\Schema\CachedCollection->__construct(Object(Cake\Database\Connection), true)
#7 F:\libing\codingCat\cake\adminLTE\vendor\cakephp\bake\src\Shell\Task\ModelTask.php(946): Cake\Database\Connection->schemaCollection()
#8 F:\libing\codingCat\cake\adminLTE\vendor\cakephp\bake\src\Shell\Task\ModelTask.php(898): Bake\Shell\Task\ModelTask->_getAllTables()
#9 F:\libing\codingCat\cake\adminLTE\vendor\cakephp\bake\src\Shell\Task\ModelTask.php(202): Bake\Shell\Task\ModelTask->listAll()
#10 F:\libing\codingCat\cake\adminLTE\vendor\cakephp\bake\src\Shell\Task\ModelTask.php(127): Bake\Shell\Task\ModelTask->getAssociations(Object(Cake\ORM\Table))
#11 F:\libing\codingCat\cake\adminLTE\vendor\cakephp\bake\src\Shell\Task\ModelTask.php(110): Bake\Shell\Task\ModelTask->getTableContext(Object(Cake\ORM\Table), 'users', 'Users')
#12 F:\libing\codingCat\cake\adminLTE\vendor\cakephp\bake\src\Shell\Task\ModelTask.php(97): Bake\Shell\Task\ModelTask->bake('Users')
#13 F:\libing\codingCat\cake\adminLTE\vendor\cakephp\bake\src\Shell\BakeShell.php(257): Bake\Shell\Task\ModelTask->main('Users')
#14 F:\libing\codingCat\cake\adminLTE\vendor\cakephp\cakephp\src\Collection\CollectionTrait.php(52): Bake\Shell\BakeShell->Bake\Shell\{closure}('Users', 0)
#15 F:\libing\codingCat\cake\adminLTE\vendor\cakephp\bake\src\Shell\BakeShell.php(260): Cake\Collection\Collection->each(Object(Closure))
#16 [internal function]: Bake\Shell\BakeShell->all('Users')
#17 F:\libing\codingCat\cake\adminLTE\vendor\cakephp\cakephp\src\Console\Shell.php(458): call_user_func_array(Array, Array)
#18 F:\libing\codingCat\cake\adminLTE\vendor\cakephp\cakephp\src\Console\ShellDispatcher.php(227): Cake\Console\Shell->runCommand(Array, true, Array)
#19 F:\libing\codingCat\cake\adminLTE\vendor\cakephp\cakephp\src\Console\ShellDispatcher.php(182): Cake\Console\ShellDispatcher->_dispatch(Array)
#20 F:\libing\codingCat\cake\adminLTE\vendor\cakephp\cakephp\src\Console\ShellDispatcher.php(128): Cake\Console\ShellDispatcher->dispatch(Array)
#21 F:\libing\codingCat\cake\adminLTE\bin\cake.php(34): Cake\Console\ShellDispatcher::run(Array)
#22 {main}


2017-01-22 04:46:07 Error: [Cake\Database\Exception] SQLSTATE[42S02]: Base table or view not found: 1146 La table 'cake.index' n'existe pas
Stack Trace:
#0 F:\libing\codingCat\cake\adminLTE\vendor\cakephp\cakephp\src\Database\Schema\Collection.php(97): Cake\Database\Schema\Collection->_reflect('Column', 'index', Array, Object(Cake\Database\Schema\Table))
#1 F:\libing\codingCat\cake\adminLTE\vendor\cakephp\cakephp\src\Database\Schema\CachedCollection.php(63): Cake\Database\Schema\Collection->describe('index', Array)
#2 F:\libing\codingCat\cake\adminLTE\vendor\cakephp\cakephp\src\ORM\Table.php(440): Cake\Database\Schema\CachedCollection->describe('index')
#3 F:\libing\codingCat\cake\adminLTE\vendor\cakephp\cakephp\src\ORM\Table.php(518): Cake\ORM\Table->schema()
#4 F:\libing\codingCat\cake\adminLTE\vendor\cakephp\bake\src\Shell\Task\TemplateTask.php(291): Cake\ORM\Table->primaryKey()
#5 F:\libing\codingCat\cake\adminLTE\vendor\cakephp\bake\src\Shell\Task\TemplateTask.php(148): Bake\Shell\Task\TemplateTask->_loadController()
#6 [internal function]: Bake\Shell\Task\TemplateTask->main('Index')
#7 F:\libing\codingCat\cake\adminLTE\vendor\cakephp\cakephp\src\Console\Shell.php(472): call_user_func_array(Array, Array)
#8 F:\libing\codingCat\cake\adminLTE\vendor\cakephp\cakephp\src\Console\Shell.php(465): Cake\Console\Shell->runCommand(Array, false, Array)
#9 F:\libing\codingCat\cake\adminLTE\vendor\cakephp\cakephp\src\Console\ShellDispatcher.php(227): Cake\Console\Shell->runCommand(Array, true, Array)
#10 F:\libing\codingCat\cake\adminLTE\vendor\cakephp\cakephp\src\Console\ShellDispatcher.php(182): Cake\Console\ShellDispatcher->_dispatch(Array)
#11 F:\libing\codingCat\cake\adminLTE\vendor\cakephp\cakephp\src\Console\ShellDispatcher.php(128): Cake\Console\ShellDispatcher->dispatch(Array)
#12 F:\libing\codingCat\cake\adminLTE\bin\cake.php(34): Cake\Console\ShellDispatcher::run(Array)
#13 {main}


